<?xml version="1.0" encoding="UTF-8" ?>
<testsuite tests="9" failures="0" name="test.Test" time="73.845" errors="0" skipped="0">
  <properties>
    <property name="idea.version" value="2021.3.2"/>
    <property name="java.runtime.name" value="Java(TM) SE Runtime Environment"/>
    <property name="java.vm.version" value="11.0.14+8-LTS-263"/>
    <property name="sun.boot.library.path" value="/usr/lib/jvm/jdk-11/lib"/>
    <property name="maven.multiModuleProjectDirectory" value="/home/cicero/IdeaProjects/testeSeleniumLocalhost"/>
    <property name="java.vm.vendor" value="Oracle Corporation"/>
    <property name="java.vendor.url" value="https://openjdk.java.net/"/>
    <property name="guice.disable.misplaced.annotation.check" value="true"/>
    <property name="path.separator" value=":"/>
    <property name="java.vm.name" value="Java HotSpot(TM) 64-Bit Server VM"/>
    <property name="sun.os.patch.level" value="unknown"/>
    <property name="user.country" value="BR"/>
    <property name="sun.java.launcher" value="SUN_STANDARD"/>
    <property name="java.vm.specification.name" value="Java Virtual Machine Specification"/>
    <property name="user.dir" value="/home/cicero/IdeaProjects/testeSeleniumLocalhost"/>
    <property name="java.vm.compressedOopsMode" value="Zero based"/>
    <property name="java.runtime.version" value="11.0.14+8-LTS-263"/>
    <property name="java.awt.graphicsenv" value="sun.awt.X11GraphicsEnvironment"/>
    <property name="os.arch" value="amd64"/>
    <property name="java.io.tmpdir" value="/tmp"/>
    <property name="line.separator" value="
"/>
    <property name="java.vm.specification.vendor" value="Oracle Corporation"/>
    <property name="os.name" value="Linux"/>
    <property name="maven.ext.class.path" value="/home/cicero/.local/share/JetBrains/Toolbox/apps/IDEA-U/ch-0/213.6777.52/plugins/maven/lib/maven-event-listener.jar"/>
    <property name="classworlds.conf" value="/home/cicero/.local/share/JetBrains/Toolbox/apps/IDEA-U/ch-0/213.6777.52/plugins/maven/lib/maven3/bin/m2.conf"/>
    <property name="sun.jnu.encoding" value="UTF-8"/>
    <property name="java.library.path" value="/usr/java/packages/lib:/usr/lib64:/lib64:/lib:/usr/lib"/>
    <property name="maven.conf" value="/home/cicero/.local/share/JetBrains/Toolbox/apps/IDEA-U/ch-0/213.6777.52/plugins/maven/lib/maven3/conf"/>
    <property name="jdk.debug" value="release"/>
    <property name="java.class.version" value="55.0"/>
    <property name="java.specification.name" value="Java Platform API Specification"/>
    <property name="sun.management.compiler" value="HotSpot 64-Bit Tiered Compilers"/>
    <property name="os.version" value="5.4.0-104-generic"/>
    <property name="user.home" value="/home/cicero"/>
    <property name="user.timezone" value="America/Sao_Paulo"/>
    <property name="java.awt.printerjob" value="sun.print.PSPrinterJob"/>
    <property name="file.encoding" value="UTF-8"/>
    <property name="java.specification.version" value="11"/>
    <property name="user.name" value="cicero"/>
    <property name="java.class.path" value="/home/cicero/.local/share/JetBrains/Toolbox/apps/IDEA-U/ch-0/213.6777.52/plugins/maven/lib/maven3/boot/plexus-classworlds.license:/home/cicero/.local/share/JetBrains/Toolbox/apps/IDEA-U/ch-0/213.6777.52/plugins/maven/lib/maven3/boot/plexus-classworlds-2.6.0.jar"/>
    <property name="java.vm.specification.version" value="11"/>
    <property name="sun.arch.data.model" value="64"/>
    <property name="sun.java.command" value="org.codehaus.classworlds.Launcher -Didea.version=2021.3.2 install"/>
    <property name="java.home" value="/usr/lib/jvm/jdk-11"/>
    <property name="user.language" value="pt"/>
    <property name="java.specification.vendor" value="Oracle Corporation"/>
    <property name="awt.toolkit" value="sun.awt.X11.XToolkit"/>
    <property name="java.vm.info" value="mixed mode"/>
    <property name="java.version" value="11.0.14"/>
    <property name="securerandom.source" value="file:/dev/./urandom"/>
    <property name="java.vendor" value="Oracle Corporation"/>
    <property name="maven.home" value="/home/cicero/.local/share/JetBrains/Toolbox/apps/IDEA-U/ch-0/213.6777.52/plugins/maven/lib/maven3"/>
    <property name="file.separator" value="/"/>
    <property name="java.version.date" value="2022-01-18"/>
    <property name="java.vendor.url.bug" value="https://bugreport.java.com/bugreport/"/>
    <property name="sun.io.unicode.encoding" value="UnicodeLittle"/>
    <property name="sun.cpu.endian" value="little"/>
    <property name="java.vendor.version" value="18.9"/>
    <property name="sun.cpu.isalist" value=""/>
  </properties>
  <testcase classname="test.Test" name="residenciasMusicas" time="9.02"/>
  <testcase classname="test.Test" name="residenciasObras" time="7.258"/>
  <testcase classname="test.Test" name="viaPublicaObras" time="8.65"/>
  <testcase classname="test.Test" name="viaPublicaBailePancadao" time="7.072"/>
  <testcase classname="test.Test" name="residenciasFestas" time="8.505"/>
  <testcase classname="test.Test" name="residenciasOutros" time="8.588"/>
  <testcase classname="test.Test" name="viaPublicaCriancas" time="7.295"/>
  <testcase classname="test.Test" name="viaPublicaAglomeracaoDePessoas" time="8.103"/>
  <testcase classname="test.Test" name="viaPublicaAparelhodeSom" time="9.354"/>
</testsuite>